<?xml version="1.0" encoding="UTF-8"?>
<testng-results ignored="0" total="2" passed="2" failed="0" skipped="0">
  <reporter-output>
  </reporter-output>
  <suite started-at="2022-03-11T17:36:56Z" name="Default suite" finished-at="2022-03-11T17:38:07Z" duration-ms="70460">
    <groups>
    </groups>
    <test started-at="2022-03-11T17:36:56Z" name="Default test" finished-at="2022-03-11T17:38:07Z" duration-ms="70460">
      <class name="test.Cases.CheckOutAndConfirmOrderTest">
        <test-method is-config="true" signature="OpenURL()[pri:0, instance:test.Cases.CheckOutAndConfirmOrderTest@43d9f1a2]" started-at="2022-03-11T17:36:57Z" name="OpenURL" finished-at="2022-03-11T17:37:22Z" duration-ms="25399" status="PASS">
          <reporter-output>
          </reporter-output>
        </test-method> <!-- OpenURL -->
        <test-method signature="RegisterNewUser(java.lang.String, java.lang.String, java.lang.String, java.lang.String, java.lang.String, java.lang.String, java.lang.String, java.lang.String, java.lang.String, java.lang.String)[pri:1, instance:test.Cases.CheckOutAndConfirmOrderTest@43d9f1a2]" started-at="2022-03-11T17:37:24Z" name="RegisterNewUser" data-provider="RegisterNewUser" finished-at="2022-03-11T17:37:37Z" duration-ms="12902" status="PASS">
          <params>
            <param index="0">
              <value>
                <![CDATA[Female]]>
              </value>
            </param>
            <param index="1">
              <value>
                <![CDATA[Sara]]>
              </value>
            </param>
            <param index="2">
              <value>
                <![CDATA[Yehia]]>
              </value>
            </param>
            <param index="3">
              <value>
                <![CDATA[Sara@3333]]>
              </value>
            </param>
            <param index="4">
              <value>
                <![CDATA[Address]]>
              </value>
            </param>
            <param index="5">
              <value>
                <![CDATA[Cairo]]>
              </value>
            </param>
            <param index="6">
              <value>
                <![CDATA[Alaska]]>
              </value>
            </param>
            <param index="7">
              <value>
                <![CDATA[11155]]>
              </value>
            </param>
            <param index="8">
              <value>
                <![CDATA[United States]]>
              </value>
            </param>
            <param index="9">
              <value>
                <![CDATA[1]]>
              </value>
            </param>
          </params>
          <reporter-output>
          </reporter-output>
        </test-method> <!-- RegisterNewUser -->
        <test-method signature="ShopItem(java.lang.String, java.lang.String, java.lang.String, java.lang.String)[pri:2, instance:test.Cases.CheckOutAndConfirmOrderTest@43d9f1a2]" started-at="2022-03-11T17:37:38Z" name="ShopItem" data-provider="ShppItemData" finished-at="2022-03-11T17:38:03Z" duration-ms="25001" status="PASS">
          <params>
            <param index="0">
              <value>
                <![CDATA[Women]]>
              </value>
            </param>
            <param index="1">
              <value>
                <![CDATA[Blouses]]>
              </value>
            </param>
            <param index="2">
              <value>
                <![CDATA[1]]>
              </value>
            </param>
            <param index="3">
              <value>
                <![CDATA[Blouse]]>
              </value>
            </param>
          </params>
          <reporter-output>
          </reporter-output>
        </test-method> <!-- ShopItem -->
        <test-method is-config="true" signature="stopDriver()[pri:0, instance:test.Cases.CheckOutAndConfirmOrderTest@43d9f1a2]" started-at="2022-03-11T17:38:03Z" name="stopDriver" finished-at="2022-03-11T17:38:07Z" duration-ms="4132" status="PASS">
          <reporter-output>
          </reporter-output>
        </test-method> <!-- stopDriver -->
      </class> <!-- test.Cases.CheckOutAndConfirmOrderTest -->
    </test> <!-- Default test -->
  </suite> <!-- Default suite -->
</testng-results>
